\BOOKMARK [1][-]{section.1}{\376\377\000D\000a\000n\000e}{}% 1
\BOOKMARK [2][-]{subsection.1.1}{\376\377\000Z\000a\000w\000a\000r\000t\000o\001\133\001\007}{section.1}% 2
\BOOKMARK [2][-]{subsection.1.2}{\376\377\000W\000s\000t\000e\000p\000n\000a\000\040\000a\000n\000a\000l\000i\000z\000a}{section.1}% 3
\BOOKMARK [2][-]{subsection.1.3}{\376\377\000R\000e\000p\000r\000e\000z\000e\000n\000t\000a\000c\000j\000a}{section.1}% 4
\BOOKMARK [1][-]{section.2}{\376\377\000Z\000a\000d\000a\000n\000i\000e\000\040\0001}{}% 5
\BOOKMARK [2][-]{subsection.2.1}{\376\377\000a\000\051\000\040\000D\000i\000j\000k\000s\000t\000r\000a\000\040\000-\000\040\000k\000r\000y\000t\000e\000r\000i\000u\000m\000\040\000c\000z\000a\000s\000u}{section.2}% 6
\BOOKMARK [3][-]{subsubsection.2.1.1}{\376\377\000O\000p\000i\000s}{subsection.2.1}% 7
\BOOKMARK [3][-]{subsubsection.2.1.2}{\376\377\000D\000z\000i\000a\001\102\000a\000n\000i\000e\000\040\000/\000\040\000k\000o\000d}{subsection.2.1}% 8
\BOOKMARK [3][-]{subsubsection.2.1.3}{\376\377\000W\000n\000i\000o\000s\000k\000i}{subsection.2.1}% 9
\BOOKMARK [2][-]{subsection.2.2}{\376\377\000b\000\051\000\040\000A\000*\000\040\000-\000\040\000k\000r\000y\000t\000e\000r\000i\000u\000m\000\040\000c\000z\000a\000s\000u}{section.2}% 10
\BOOKMARK [3][-]{subsubsection.2.2.1}{\376\377\000O\000p\000i\000s}{subsection.2.2}% 11
\BOOKMARK [3][-]{subsubsection.2.2.2}{\376\377\000D\000z\000i\000a\001\102\000a\000n\000i\000e\000\040\000/\000\040\000k\000o\000d}{subsection.2.2}% 12
\BOOKMARK [3][-]{subsubsection.2.2.3}{\376\377\000W\000n\000i\000o\000s\000k\000i}{subsection.2.2}% 13
\BOOKMARK [3][-]{subsubsection.2.2.4}{\376\377\000N\000a\000p\000o\000t\000k\000a\000n\000e\000\040\000p\000r\000o\000b\000l\000e\000m\000y}{subsection.2.2}% 14
\BOOKMARK [2][-]{subsection.2.3}{\376\377\000c\000\051\000\040\000A\000*\000\040\000-\000\040\000k\000r\000y\000t\000e\000r\000i\000u\000m\000\040\000p\000r\000z\000e\000s\000i\000a\000d\000e\000k}{section.2}% 15
\BOOKMARK [3][-]{subsubsection.2.3.1}{\376\377\000O\000p\000i\000s}{subsection.2.3}% 16
\BOOKMARK [3][-]{subsubsection.2.3.2}{\376\377\000D\000z\000i\000a\001\102\000a\000n\000i\000e\000\040\000/\000\040\000k\000o\000d}{subsection.2.3}% 17
\BOOKMARK [3][-]{subsubsection.2.3.3}{\376\377\000W\000n\000i\000o\000s\000k\000i}{subsection.2.3}% 18
\BOOKMARK [2][-]{subsection.2.4}{\376\377\000d\000\051\000\040\000M\000o\000d\000y\000f\000i\000k\000a\000c\000j\000a\000\040\000a\000l\000g\000o\000r\000y\000t\000m\000u\000\040\000A\000*}{section.2}% 19
\BOOKMARK [3][-]{subsubsection.2.4.1}{\376\377\000O\000p\000i\000s}{subsection.2.4}% 20
\BOOKMARK [3][-]{subsubsection.2.4.2}{\376\377\000K\000o\000d}{subsection.2.4}% 21
\BOOKMARK [3][-]{subsubsection.2.4.3}{\376\377\000W\000n\000i\000o\000s\000k\000i}{subsection.2.4}% 22
\BOOKMARK [2][-]{subsection.2.5}{\376\377\000P\000r\000z\000y\000k\001\102\000a\000d\000o\000w\000e\000\040\000w\000y\000n\000i\000k\000i}{section.2}% 23
\BOOKMARK [3][-]{subsubsection.2.5.1}{\376\377\000K\000r\000y\000t\000e\000r\000i\000u\000m\000\040\000c\000z\000a\000s\000u}{subsection.2.5}% 24
\BOOKMARK [3][-]{subsubsection.2.5.2}{\376\377\000K\000r\000y\000t\000e\000r\000i\000u\000m\000\040\000p\000r\000z\000e\000s\000i\000a\000d\000e\000k}{subsection.2.5}% 25
\BOOKMARK [1][-]{section.3}{\376\377\000Z\000a\000d\000a\000n\000i\000e\000\040\0002}{}% 26
\BOOKMARK [2][-]{subsection.3.1}{\376\377\000A\000l\000g\000o\000r\000y\000t\000m\000\040\000T\000a\000b\000u\000\040\000S\000e\000a\000r\000c\000h\000,\000\040\000b\000e\000z\000\040\000o\000g\000r\000a\000n\000i\000c\000z\000e\000n\000i\000a\000\040\000t\000a\000b\000l\000i\000c\000y\000\040\000T}{section.3}% 27
\BOOKMARK [3][-]{subsubsection.3.1.1}{\376\377\000O\000p\000i\000s}{subsection.3.1}% 28
\BOOKMARK [3][-]{subsubsection.3.1.2}{\376\377\000K\000o\000d}{subsection.3.1}% 29
\BOOKMARK [3][-]{subsubsection.3.1.3}{\376\377\000P\000r\000z\000y\000k\001\102\000a\000d\000o\000w\000e\000\040\000d\000z\000i\000a\001\102\000a\000n\000i\000e}{subsection.3.1}% 30
\BOOKMARK [2][-]{subsection.3.2}{\376\377\000D\000o\000b\000\363\000r\000\040\000t\001\102\000u\000g\000o\001\133\000c\000i\000\040\000l\000i\000s\000t\000y\000\040\000T}{section.3}% 31
\BOOKMARK [3][-]{subsubsection.3.2.1}{\376\377\000O\000p\000i\000s}{subsection.3.2}% 32
\BOOKMARK [3][-]{subsubsection.3.2.2}{\376\377\000K\000o\000d}{subsection.3.2}% 33
